{"numFailedTestSuites":0,"numFailedTests":0,"numPassedTestSuites":1,"numPassedTests":24,"numPendingTestSuites":0,"numPendingTests":0,"numRuntimeErrorTestSuites":0,"numTodoTests":0,"numTotalTestSuites":1,"numTotalTests":24,"openHandles":[],"snapshot":{"added":0,"didUpdate":false,"failure":false,"filesAdded":0,"filesRemoved":0,"filesRemovedList":[],"filesUnmatched":0,"filesUpdated":0,"matched":0,"total":0,"unchecked":0,"uncheckedKeysByFile":[],"unmatched":0,"updated":0},"startTime":1773089050888,"success":true,"testResults":[{"assertionResults":[{"ancestorTitles":["🔬 Unit Tests — AuthController","register()"],"duration":175,"failing":false,"failureDetails":[],"failureMessages":[],"fullName":"🔬 Unit Tests — AuthController register() zorunlu alan eksikse 400 döner","invocations":1,"location":null,"numPassingAsserts":2,"retryReasons":[],"startAt":1773089056826,"status":"passed","title":"zorunlu alan eksikse 400 döner"},{"ancestorTitles":["🔬 Unit Tests — AuthController","register()"],"duration":19,"failing":false,"failureDetails":[],"failureMessages":[],"fullName":"🔬 Unit Tests — AuthController register() email eksikse 400 döner","invocations":1,"location":null,"numPassingAsserts":2,"retryReasons":[],"startAt":1773089057004,"status":"passed","title":"email eksikse 400 döner"},{"ancestorTitles":["🔬 Unit Tests — AuthController","register()"],"duration":12,"failing":false,"failureDetails":[],"failureMessages":[],"fullName":"🔬 Unit Tests — AuthController register() body tamamen boşsa 400 döner","invocations":1,"location":null,"numPassingAsserts":2,"retryReasons":[],"startAt":1773089057024,"status":"passed","title":"body tamamen boşsa 400 döner"},{"ancestorTitles":["🔬 Unit Tests — AuthController","login()"],"duration":17,"failing":false,"failureDetails":[],"failureMessages":[],"fullName":"🔬 Unit Tests — AuthController login() şifre eksikse 400 döner","invocations":1,"location":null,"numPassingAsserts":2,"retryReasons":[],"startAt":1773089057037,"status":"passed","title":"şifre eksikse 400 döner"},{"ancestorTitles":["🔬 Unit Tests — AuthController","login()"],"duration":18,"failing":false,"failureDetails":[],"failureMessages":[],"fullName":"🔬 Unit Tests — AuthController login() email ve username ikisi de eksikse 400 döner","invocations":1,"location":null,"numPassingAsserts":2,"retryReasons":[],"startAt":1773089057055,"status":"passed","title":"email ve username ikisi de eksikse 400 döner"},{"ancestorTitles":["🔬 Unit Tests — AuthController","login()"],"duration":15,"failing":false,"failureDetails":[],"failureMessages":[],"fullName":"🔬 Unit Tests — AuthController login() body tamamen boşsa 400 döner","invocations":1,"location":null,"numPassingAsserts":2,"retryReasons":[],"startAt":1773089057074,"status":"passed","title":"body tamamen boşsa 400 döner"},{"ancestorTitles":["🔗 Integration Tests — Auth + Database"],"duration":1289,"failing":false,"failureDetails":[],"failureMessages":[],"fullName":"🔗 Integration Tests — Auth + Database register: başarılı kayıt → 201 + DB'de kayıt oluşmuş","invocations":1,"location":null,"numPassingAsserts":5,"retryReasons":[],"startAt":1773089057090,"status":"passed","title":"register: başarılı kayıt → 201 + DB'de kayıt oluşmuş"},{"ancestorTitles":["🔗 Integration Tests — Auth + Database"],"duration":130,"failing":false,"failureDetails":[],"failureMessages":[],"fullName":"🔗 Integration Tests — Auth + Database login: kayıtlı user email + şifre ile giriş → 200 + token","invocations":1,"location":null,"numPassingAsserts":5,"retryReasons":[],"startAt":1773089058381,"status":"passed","title":"login: kayıtlı user email + şifre ile giriş → 200 + token"},{"ancestorTitles":["🔗 Integration Tests — Auth + Database"],"duration":129,"failing":false,"failureDetails":[],"failureMessages":[],"fullName":"🔗 Integration Tests — Auth + Database login: kayıtlı user username ile giriş → 200 + token","invocations":1,"location":null,"numPassingAsserts":3,"retryReasons":[],"startAt":1773089058512,"status":"passed","title":"login: kayıtlı user username ile giriş → 200 + token"},{"ancestorTitles":["🔗 Integration Tests — Auth + Database"],"duration":68,"failing":false,"failureDetails":[],"failureMessages":[],"fullName":"🔗 Integration Tests — Auth + Database duplicate register: aynı email ile tekrar kayıt → 409","invocations":1,"location":null,"numPassingAsserts":2,"retryReasons":[],"startAt":1773089058642,"status":"passed","title":"duplicate register: aynı email ile tekrar kayıt → 409"},{"ancestorTitles":["🌐 System Tests — End-to-End Auth Flow"],"duration":429,"failing":false,"failureDetails":[],"failureMessages":[],"fullName":"🌐 System Tests — End-to-End Auth Flow tam akış: kayıt → giriş → token doğrulama","invocations":1,"location":null,"numPassingAsserts":4,"retryReasons":[],"startAt":1773089058711,"status":"passed","title":"tam akış: kayıt → giriş → token doğrulama"},{"ancestorTitles":["🌐 System Tests — End-to-End Auth Flow"],"duration":71,"failing":false,"failureDetails":[],"failureMessages":[],"fullName":"🌐 System Tests — End-to-End Auth Flow tam akış: hatalı şifre ile giriş → 401 ve token yok","invocations":1,"location":null,"numPassingAsserts":3,"retryReasons":[],"startAt":1773089059142,"status":"passed","title":"tam akış: hatalı şifre ile giriş → 401 ve token yok"},{"ancestorTitles":["⚡ Performance Tests — Response Time & Concurrency"],"duration":77,"failing":false,"failureDetails":[],"failureMessages":[],"fullName":"⚡ Performance Tests — Response Time & Concurrency tek login isteği 2 saniyeden kısa sürmeli","invocations":1,"location":null,"numPassingAsserts":1,"retryReasons":[],"startAt":1773089059214,"status":"passed","title":"tek login isteği 2 saniyeden kısa sürmeli"},{"ancestorTitles":["⚡ Performance Tests — Response Time & Concurrency"],"duration":793,"failing":false,"failureDetails":[],"failureMessages":[],"fullName":"⚡ Performance Tests — Response Time & Concurrency 10 eş zamanlı login isteği → hepsi 5 saniyede tamamlanmalı","invocations":1,"location":null,"numPassingAsserts":11,"retryReasons":[],"startAt":1773089059292,"status":"passed","title":"10 eş zamanlı login isteği → hepsi 5 saniyede tamamlanmalı"},{"ancestorTitles":["⚡ Performance Tests — Response Time & Concurrency"],"duration":1140,"failing":false,"failureDetails":[],"failureMessages":[],"fullName":"⚡ Performance Tests — Response Time & Concurrency 10 eş zamanlı register isteği farklı kullanıcılar → 5 saniyede tamamlanmalı","invocations":1,"location":null,"numPassingAsserts":11,"retryReasons":[],"startAt":1773089060086,"status":"passed","title":"10 eş zamanlı register isteği farklı kullanıcılar → 5 saniyede tamamlanmalı"},{"ancestorTitles":["👤 User Acceptance Tests — Real-World Scenarios","Kayıt (Register) Senaryoları"],"duration":398,"failing":false,"failureDetails":[],"failureMessages":[],"fullName":"👤 User Acceptance Tests — Real-World Scenarios Kayıt (Register) Senaryoları Senaryo: Kullanıcı tüm bilgileri eksiksiz girer → başarıyla kayıt olur","invocations":1,"location":null,"numPassingAsserts":2,"retryReasons":[],"startAt":1773089061227,"status":"passed","title":"Senaryo: Kullanıcı tüm bilgileri eksiksiz girer → başarıyla kayıt olur"},{"ancestorTitles":["👤 User Acceptance Tests — Real-World Scenarios","Kayıt (Register) Senaryoları"],"duration":122,"failing":false,"failureDetails":[],"failureMessages":[],"fullName":"👤 User Acceptance Tests — Real-World Scenarios Kayıt (Register) Senaryoları Senaryo: Kullanıcı zaten kayıtlı email ile tekrar kayıt olmaya çalışır → hata alır","invocations":1,"location":null,"numPassingAsserts":2,"retryReasons":[],"startAt":1773089061626,"status":"passed","title":"Senaryo: Kullanıcı zaten kayıtlı email ile tekrar kayıt olmaya çalışır → hata alır"},{"ancestorTitles":["👤 User Acceptance Tests — Real-World Scenarios","Kayıt (Register) Senaryoları"],"duration":98,"failing":false,"failureDetails":[],"failureMessages":[],"fullName":"👤 User Acceptance Tests — Real-World Scenarios Kayıt (Register) Senaryoları Senaryo: Kullanıcı zaten kullandığı username ile kayıt olmaya çalışır → hata alır","invocations":1,"location":null,"numPassingAsserts":1,"retryReasons":[],"startAt":1773089061765,"status":"passed","title":"Senaryo: Kullanıcı zaten kullandığı username ile kayıt olmaya çalışır → hata alır"},{"ancestorTitles":["👤 User Acceptance Tests — Real-World Scenarios","Kayıt (Register) Senaryoları"],"duration":9,"failing":false,"failureDetails":[],"failureMessages":[],"fullName":"👤 User Acceptance Tests — Real-World Scenarios Kayıt (Register) Senaryoları Senaryo: Kullanıcı şifreyi boş bırakır → hata alır","invocations":1,"location":null,"numPassingAsserts":1,"retryReasons":[],"startAt":1773089061864,"status":"passed","title":"Senaryo: Kullanıcı şifreyi boş bırakır → hata alır"},{"ancestorTitles":["👤 User Acceptance Tests — Real-World Scenarios","Giriş (Login) Senaryoları"],"duration":144,"failing":false,"failureDetails":[],"failureMessages":[],"fullName":"👤 User Acceptance Tests — Real-World Scenarios Giriş (Login) Senaryoları Senaryo: Doğru email + şifre ile giriş → başarılı + token","invocations":1,"location":null,"numPassingAsserts":2,"retryReasons":[],"startAt":1773089061874,"status":"passed","title":"Senaryo: Doğru email + şifre ile giriş → başarılı + token"},{"ancestorTitles":["👤 User Acceptance Tests — Real-World Scenarios","Giriş (Login) Senaryoları"],"duration":142,"failing":false,"failureDetails":[],"failureMessages":[],"fullName":"👤 User Acceptance Tests — Real-World Scenarios Giriş (Login) Senaryoları Senaryo: Doğru username + şifre ile giriş → başarılı + token","invocations":1,"location":null,"numPassingAsserts":2,"retryReasons":[],"startAt":1773089062021,"status":"passed","title":"Senaryo: Doğru username + şifre ile giriş → başarılı + token"},{"ancestorTitles":["👤 User Acceptance Tests — Real-World Scenarios","Giriş (Login) Senaryoları"],"duration":72,"failing":false,"failureDetails":[],"failureMessages":[],"fullName":"👤 User Acceptance Tests — Real-World Scenarios Giriş (Login) Senaryoları Senaryo: Kullanıcı yanlış şifre girer → giriş reddedilir","invocations":1,"location":null,"numPassingAsserts":3,"retryReasons":[],"startAt":1773089062164,"status":"passed","title":"Senaryo: Kullanıcı yanlış şifre girer → giriş reddedilir"},{"ancestorTitles":["👤 User Acceptance Tests — Real-World Scenarios","Giriş (Login) Senaryoları"],"duration":75,"failing":false,"failureDetails":[],"failureMessages":[],"fullName":"👤 User Acceptance Tests — Real-World Scenarios Giriş (Login) Senaryoları Senaryo: Kayıtsız email ile giriş → kullanıcı bulunamadı hatası","invocations":1,"location":null,"numPassingAsserts":2,"retryReasons":[],"startAt":1773089062237,"status":"passed","title":"Senaryo: Kayıtsız email ile giriş → kullanıcı bulunamadı hatası"},{"ancestorTitles":["👤 User Acceptance Tests — Real-World Scenarios","Giriş (Login) Senaryoları"],"duration":15,"failing":false,"failureDetails":[],"failureMessages":[],"fullName":"👤 User Acceptance Tests — Real-World Scenarios Giriş (Login) Senaryoları Senaryo: Şifre alanı boş bırakılır → hata alır","invocations":1,"location":null,"numPassingAsserts":1,"retryReasons":[],"startAt":1773089062313,"status":"passed","title":"Senaryo: Şifre alanı boş bırakılır → hata alır"}],"endTime":1773089062475,"message":"","name":"C:\\Users\\DUYGU\\Desktop\\nutrigame\\backend\\src\\tests\\auth.test.ts","startTime":1773089051428,"status":"passed","summary":""}],"wasInterrupted":false}
